<html>
<head>
<title>TestNG:  EliteCareer Regression Test</title>
<link href="../testng.css" rel="stylesheet" type="text/css" />
<link href="../my-testng.css" rel="stylesheet" type="text/css" />

<style type="text/css">
.log { display: none;} 
.stack-trace { display: none;} 
</style>
<script type="text/javascript">
<!--
function flip(e) {
  current = e.style.display;
  if (current == 'block') {
    e.style.display = 'none';
    return 0;
  }
  else {
    e.style.display = 'block';
    return 1;
  }
}

function toggleBox(szDivId, elem, msg1, msg2)
{
  var res = -1;  if (document.getElementById) {
    res = flip(document.getElementById(szDivId));
  }
  else if (document.all) {
    // this is the way old msie versions work
    res = flip(document.all[szDivId]);
  }
  if(elem) {
    if(res == 0) elem.innerHTML = msg1; else elem.innerHTML = msg2;
  }

}

function toggleAllBoxes() {
  if (document.getElementsByTagName) {
    d = document.getElementsByTagName('div');
    for (i = 0; i < d.length; i++) {
      if (d[i].className == 'log') {
        flip(d[i]);
      }
    }
  }
}

// -->
</script>

</head>
<body>
<h2 align='center'>EliteCareer Regression Test</h2><table border='1' align="center">
<tr>
<td>Tests passed/Failed/Skipped:</td><td>43/3/0</td>
</tr><tr>
<td>Started on:</td><td>Mon Apr 17 20:30:20 EDT 2017</td>
</tr>
<tr><td>Total time:</td><td>140 seconds (140118 ms)</td>
</tr><tr>
<td>Included groups:</td><td></td>
</tr><tr>
<td>Excluded groups:</td><td></td>
</tr>
</table><p/>
<small><i>(Hover the method name to see the test class name)</i></small><p/>
<table width='100%' border='1' class='invocation-failed'>
<tr><td colspan='4' align='center'><b>FAILED TESTS</b></td></tr>
<tr><td><b>Test method</b></td>
<td width="30%"><b>Exception</b></td>
<td width="10%"><b>Time (seconds)</b></td>
<td><b>Instance</b></td>
</tr>
<tr>
<td title='tests.TestRegistrationPage.testDateOfBirthwithInValidCredential()'><b>testDateOfBirthwithInValidCredential</b><br>Test class: tests.TestRegistrationPage</td>
<td><div><pre>java.lang.AssertionError: expected [* Invalid DateOfBirth] but found [*]
	at org.testng.Assert.fail(Assert.java:94)
	at org.testng.Assert.failNotEquals(Assert.java:513)
	at org.testng.Assert.assertEqualsImpl(Assert.java:135)
	at org.testng.Assert.assertEquals(Assert.java:116)
	at org.testng.Assert.assertEquals(Assert.java:190)
	at org.testng.Assert.assertEquals(Assert.java:200)
	at tests.TestRegistrationPage.testDateOfBirthwithInValidCredential(TestRegistrationPage.java:152)
	at sun.reflect.NativeMethodAccessorImpl.invoke0(Native Method)
	at sun.reflect.NativeMethodAccessorImpl.invoke(NativeMethodAccessorImpl.java:57)
	at sun.reflect.DelegatingMethodAccessorImpl.invoke(DelegatingMethodAccessorImpl.java:43)
	at java.lang.reflect.Method.invoke(Method.java:606)
	at org.testng.internal.MethodInvocationHelper.invokeMethod(MethodInvocationHelper.java:86)
	at org.testng.internal.Invoker.invokeMethod(Invoker.java:643)
	at org.testng.internal.Invoker.invokeTestMethod(Invoker.java:820)
	at org.testng.internal.Invoker.invokeTestMethods(Invoker.java:1128)
	at org.testng.internal.TestMethodWorker.invokeTestMethods(TestMethodWorker.java:129)
	at org.testng.internal.TestMethodWorker.run(TestMethodWorker.java:112)
	at org.testng.TestRunner.privateRun(TestRunner.java:782)
	at org.testng.TestRunner.run(TestRunner.java:632)
	at org.testng.SuiteRunner.runTest(SuiteRunner.java:366)
	at org.testng.SuiteRunner.runSequentially(SuiteRunner.java:361)
	at org.testng.SuiteRunner.privateRun(SuiteRunner.java:319)
	at org.testng.SuiteRunner.run(SuiteRunner.java:268)
	at org.testng.SuiteRunnerWorker.runSuite(SuiteRunnerWorker.java:52)
	at org.testng.SuiteRunnerWorker.run(SuiteRunnerWorker.java:86)
	at org.testng.TestNG.runSuitesSequentially(TestNG.java:1244)
	at org.testng.TestNG.runSuitesLocally(TestNG.java:1169)
	at org.testng.TestNG.run(TestNG.java:1064)
	at org.testng.remote.AbstractRemoteTestNG.run(AbstractRemoteTestNG.java:126)
	at org.testng.remote.RemoteTestNG.initAndRun(RemoteTestNG.java:137)
	at org.testng.remote.RemoteTestNG.main(RemoteTestNG.java:58)
</pre></div><a href='#' onClick='toggleBox("stack-trace1722984269", this, "Click to show all stack frames", "Click to hide stack frames")'>Click to show all stack frames</a>
<div class='stack-trace' id='stack-trace1722984269'><pre>java.lang.AssertionError: expected [* Invalid DateOfBirth] but found [*]
	at org.testng.Assert.fail(Assert.java:94)
	at org.testng.Assert.failNotEquals(Assert.java:513)
	at org.testng.Assert.assertEqualsImpl(Assert.java:135)
	at org.testng.Assert.assertEquals(Assert.java:116)
	at org.testng.Assert.assertEquals(Assert.java:190)
	at org.testng.Assert.assertEquals(Assert.java:200)
	at tests.TestRegistrationPage.testDateOfBirthwithInValidCredential(TestRegistrationPage.java:152)
	at sun.reflect.NativeMethodAccessorImpl.invoke0(Native Method)
	at sun.reflect.NativeMethodAccessorImpl.invoke(NativeMethodAccessorImpl.java:57)
	at sun.reflect.DelegatingMethodAccessorImpl.invoke(DelegatingMethodAccessorImpl.java:43)
	at java.lang.reflect.Method.invoke(Method.java:606)
	at org.testng.internal.MethodInvocationHelper.invokeMethod(MethodInvocationHelper.java:86)
	at org.testng.internal.Invoker.invokeMethod(Invoker.java:643)
	at org.testng.internal.Invoker.invokeTestMethod(Invoker.java:820)
	at org.testng.internal.Invoker.invokeTestMethods(Invoker.java:1128)
	at org.testng.internal.TestMethodWorker.invokeTestMethods(TestMethodWorker.java:129)
	at org.testng.internal.TestMethodWorker.run(TestMethodWorker.java:112)
	at org.testng.TestRunner.privateRun(TestRunner.java:782)
	at org.testng.TestRunner.run(TestRunner.java:632)
	at org.testng.SuiteRunner.runTest(SuiteRunner.java:366)
	at org.testng.SuiteRunner.runSequentially(SuiteRunner.java:361)
	at org.testng.SuiteRunner.privateRun(SuiteRunner.java:319)
	at org.testng.SuiteRunner.run(SuiteRunner.java:268)
	at org.testng.SuiteRunnerWorker.runSuite(SuiteRunnerWorker.java:52)
	at org.testng.SuiteRunnerWorker.run(SuiteRunnerWorker.java:86)
	at org.testng.TestNG.runSuitesSequentially(TestNG.java:1244)
	at org.testng.TestNG.runSuitesLocally(TestNG.java:1169)
	at org.testng.TestNG.run(TestNG.java:1064)
	at org.testng.remote.AbstractRemoteTestNG.run(AbstractRemoteTestNG.java:126)
	at org.testng.remote.RemoteTestNG.initAndRun(RemoteTestNG.java:137)
	at org.testng.remote.RemoteTestNG.main(RemoteTestNG.java:58)
</pre></div></td>
<td>0</td>
<td>tests.TestRegistrationPage@77ed2fe7</td></tr>
<tr>
<td title='tests.TestRegistrationPage.testFirstNameWithNumericData()'><b>testFirstNameWithNumericData</b><br>Test class: tests.TestRegistrationPage</td>
<td><div><pre>java.lang.AssertionError: expected [* FirstName can not be Numeric] but found [*]
	at org.testng.Assert.fail(Assert.java:94)
	at org.testng.Assert.failNotEquals(Assert.java:513)
	at org.testng.Assert.assertEqualsImpl(Assert.java:135)
	at org.testng.Assert.assertEquals(Assert.java:116)
	at org.testng.Assert.assertEquals(Assert.java:190)
	at org.testng.Assert.assertEquals(Assert.java:200)
	at tests.TestRegistrationPage.testFirstNameWithNumericData(TestRegistrationPage.java:67)
	at sun.reflect.NativeMethodAccessorImpl.invoke0(Native Method)
	at sun.reflect.NativeMethodAccessorImpl.invoke(NativeMethodAccessorImpl.java:57)
	at sun.reflect.DelegatingMethodAccessorImpl.invoke(DelegatingMethodAccessorImpl.java:43)
	at java.lang.reflect.Method.invoke(Method.java:606)
	at org.testng.internal.MethodInvocationHelper.invokeMethod(MethodInvocationHelper.java:86)
	at org.testng.internal.Invoker.invokeMethod(Invoker.java:643)
	at org.testng.internal.Invoker.invokeTestMethod(Invoker.java:820)
	at org.testng.internal.Invoker.invokeTestMethods(Invoker.java:1128)
	at org.testng.internal.TestMethodWorker.invokeTestMethods(TestMethodWorker.java:129)
	at org.testng.internal.TestMethodWorker.run(TestMethodWorker.java:112)
	at org.testng.TestRunner.privateRun(TestRunner.java:782)
	at org.testng.TestRunner.run(TestRunner.java:632)
	at org.testng.SuiteRunner.runTest(SuiteRunner.java:366)
	at org.testng.SuiteRunner.runSequentially(SuiteRunner.java:361)
	at org.testng.SuiteRunner.privateRun(SuiteRunner.java:319)
	at org.testng.SuiteRunner.run(SuiteRunner.java:268)
	at org.testng.SuiteRunnerWorker.runSuite(SuiteRunnerWorker.java:52)
	at org.testng.SuiteRunnerWorker.run(SuiteRunnerWorker.java:86)
	at org.testng.TestNG.runSuitesSequentially(TestNG.java:1244)
	at org.testng.TestNG.runSuitesLocally(TestNG.java:1169)
	at org.testng.TestNG.run(TestNG.java:1064)
	at org.testng.remote.AbstractRemoteTestNG.run(AbstractRemoteTestNG.java:126)
	at org.testng.remote.RemoteTestNG.initAndRun(RemoteTestNG.java:137)
	at org.testng.remote.RemoteTestNG.main(RemoteTestNG.java:58)
</pre></div><a href='#' onClick='toggleBox("stack-trace656328142", this, "Click to show all stack frames", "Click to hide stack frames")'>Click to show all stack frames</a>
<div class='stack-trace' id='stack-trace656328142'><pre>java.lang.AssertionError: expected [* FirstName can not be Numeric] but found [*]
	at org.testng.Assert.fail(Assert.java:94)
	at org.testng.Assert.failNotEquals(Assert.java:513)
	at org.testng.Assert.assertEqualsImpl(Assert.java:135)
	at org.testng.Assert.assertEquals(Assert.java:116)
	at org.testng.Assert.assertEquals(Assert.java:190)
	at org.testng.Assert.assertEquals(Assert.java:200)
	at tests.TestRegistrationPage.testFirstNameWithNumericData(TestRegistrationPage.java:67)
	at sun.reflect.NativeMethodAccessorImpl.invoke0(Native Method)
	at sun.reflect.NativeMethodAccessorImpl.invoke(NativeMethodAccessorImpl.java:57)
	at sun.reflect.DelegatingMethodAccessorImpl.invoke(DelegatingMethodAccessorImpl.java:43)
	at java.lang.reflect.Method.invoke(Method.java:606)
	at org.testng.internal.MethodInvocationHelper.invokeMethod(MethodInvocationHelper.java:86)
	at org.testng.internal.Invoker.invokeMethod(Invoker.java:643)
	at org.testng.internal.Invoker.invokeTestMethod(Invoker.java:820)
	at org.testng.internal.Invoker.invokeTestMethods(Invoker.java:1128)
	at org.testng.internal.TestMethodWorker.invokeTestMethods(TestMethodWorker.java:129)
	at org.testng.internal.TestMethodWorker.run(TestMethodWorker.java:112)
	at org.testng.TestRunner.privateRun(TestRunner.java:782)
	at org.testng.TestRunner.run(TestRunner.java:632)
	at org.testng.SuiteRunner.runTest(SuiteRunner.java:366)
	at org.testng.SuiteRunner.runSequentially(SuiteRunner.java:361)
	at org.testng.SuiteRunner.privateRun(SuiteRunner.java:319)
	at org.testng.SuiteRunner.run(SuiteRunner.java:268)
	at org.testng.SuiteRunnerWorker.runSuite(SuiteRunnerWorker.java:52)
	at org.testng.SuiteRunnerWorker.run(SuiteRunnerWorker.java:86)
	at org.testng.TestNG.runSuitesSequentially(TestNG.java:1244)
	at org.testng.TestNG.runSuitesLocally(TestNG.java:1169)
	at org.testng.TestNG.run(TestNG.java:1064)
	at org.testng.remote.AbstractRemoteTestNG.run(AbstractRemoteTestNG.java:126)
	at org.testng.remote.RemoteTestNG.initAndRun(RemoteTestNG.java:137)
	at org.testng.remote.RemoteTestNG.main(RemoteTestNG.java:58)
</pre></div></td>
<td>1</td>
<td>tests.TestRegistrationPage@77ed2fe7</td></tr>
<tr>
<td title='tests.TestRegistrationPage.testlastNameWithNumericData()'><b>testlastNameWithNumericData</b><br>Test class: tests.TestRegistrationPage</td>
<td><div><pre>java.lang.AssertionError: expected [* LastName can not be Numeric] but found [*]
	at org.testng.Assert.fail(Assert.java:94)
	at org.testng.Assert.failNotEquals(Assert.java:513)
	at org.testng.Assert.assertEqualsImpl(Assert.java:135)
	at org.testng.Assert.assertEquals(Assert.java:116)
	at org.testng.Assert.assertEquals(Assert.java:190)
	at org.testng.Assert.assertEquals(Assert.java:200)
	at tests.TestRegistrationPage.testlastNameWithNumericData(TestRegistrationPage.java:116)
	at sun.reflect.NativeMethodAccessorImpl.invoke0(Native Method)
	at sun.reflect.NativeMethodAccessorImpl.invoke(NativeMethodAccessorImpl.java:57)
	at sun.reflect.DelegatingMethodAccessorImpl.invoke(DelegatingMethodAccessorImpl.java:43)
	at java.lang.reflect.Method.invoke(Method.java:606)
	at org.testng.internal.MethodInvocationHelper.invokeMethod(MethodInvocationHelper.java:86)
	at org.testng.internal.Invoker.invokeMethod(Invoker.java:643)
	at org.testng.internal.Invoker.invokeTestMethod(Invoker.java:820)
	at org.testng.internal.Invoker.invokeTestMethods(Invoker.java:1128)
	at org.testng.internal.TestMethodWorker.invokeTestMethods(TestMethodWorker.java:129)
	at org.testng.internal.TestMethodWorker.run(TestMethodWorker.java:112)
	at org.testng.TestRunner.privateRun(TestRunner.java:782)
	at org.testng.TestRunner.run(TestRunner.java:632)
	at org.testng.SuiteRunner.runTest(SuiteRunner.java:366)
	at org.testng.SuiteRunner.runSequentially(SuiteRunner.java:361)
	at org.testng.SuiteRunner.privateRun(SuiteRunner.java:319)
	at org.testng.SuiteRunner.run(SuiteRunner.java:268)
	at org.testng.SuiteRunnerWorker.runSuite(SuiteRunnerWorker.java:52)
	at org.testng.SuiteRunnerWorker.run(SuiteRunnerWorker.java:86)
	at org.testng.TestNG.runSuitesSequentially(TestNG.java:1244)
	at org.testng.TestNG.runSuitesLocally(TestNG.java:1169)
	at org.testng.TestNG.run(TestNG.java:1064)
	at org.testng.remote.AbstractRemoteTestNG.run(AbstractRemoteTestNG.java:126)
	at org.testng.remote.RemoteTestNG.initAndRun(RemoteTestNG.java:137)
	at org.testng.remote.RemoteTestNG.main(RemoteTestNG.java:58)
</pre></div><a href='#' onClick='toggleBox("stack-trace315251629", this, "Click to show all stack frames", "Click to hide stack frames")'>Click to show all stack frames</a>
<div class='stack-trace' id='stack-trace315251629'><pre>java.lang.AssertionError: expected [* LastName can not be Numeric] but found [*]
	at org.testng.Assert.fail(Assert.java:94)
	at org.testng.Assert.failNotEquals(Assert.java:513)
	at org.testng.Assert.assertEqualsImpl(Assert.java:135)
	at org.testng.Assert.assertEquals(Assert.java:116)
	at org.testng.Assert.assertEquals(Assert.java:190)
	at org.testng.Assert.assertEquals(Assert.java:200)
	at tests.TestRegistrationPage.testlastNameWithNumericData(TestRegistrationPage.java:116)
	at sun.reflect.NativeMethodAccessorImpl.invoke0(Native Method)
	at sun.reflect.NativeMethodAccessorImpl.invoke(NativeMethodAccessorImpl.java:57)
	at sun.reflect.DelegatingMethodAccessorImpl.invoke(DelegatingMethodAccessorImpl.java:43)
	at java.lang.reflect.Method.invoke(Method.java:606)
	at org.testng.internal.MethodInvocationHelper.invokeMethod(MethodInvocationHelper.java:86)
	at org.testng.internal.Invoker.invokeMethod(Invoker.java:643)
	at org.testng.internal.Invoker.invokeTestMethod(Invoker.java:820)
	at org.testng.internal.Invoker.invokeTestMethods(Invoker.java:1128)
	at org.testng.internal.TestMethodWorker.invokeTestMethods(TestMethodWorker.java:129)
	at org.testng.internal.TestMethodWorker.run(TestMethodWorker.java:112)
	at org.testng.TestRunner.privateRun(TestRunner.java:782)
	at org.testng.TestRunner.run(TestRunner.java:632)
	at org.testng.SuiteRunner.runTest(SuiteRunner.java:366)
	at org.testng.SuiteRunner.runSequentially(SuiteRunner.java:361)
	at org.testng.SuiteRunner.privateRun(SuiteRunner.java:319)
	at org.testng.SuiteRunner.run(SuiteRunner.java:268)
	at org.testng.SuiteRunnerWorker.runSuite(SuiteRunnerWorker.java:52)
	at org.testng.SuiteRunnerWorker.run(SuiteRunnerWorker.java:86)
	at org.testng.TestNG.runSuitesSequentially(TestNG.java:1244)
	at org.testng.TestNG.runSuitesLocally(TestNG.java:1169)
	at org.testng.TestNG.run(TestNG.java:1064)
	at org.testng.remote.AbstractRemoteTestNG.run(AbstractRemoteTestNG.java:126)
	at org.testng.remote.RemoteTestNG.initAndRun(RemoteTestNG.java:137)
	at org.testng.remote.RemoteTestNG.main(RemoteTestNG.java:58)
</pre></div></td>
<td>0</td>
<td>tests.TestRegistrationPage@77ed2fe7</td></tr>
</table><p>
<table width='100%' border='1' class='invocation-passed'>
<tr><td colspan='4' align='center'><b>PASSED TESTS</b></td></tr>
<tr><td><b>Test method</b></td>
<td width="30%"><b>Exception</b></td>
<td width="10%"><b>Time (seconds)</b></td>
<td><b>Instance</b></td>
</tr>
<tr>
<td title='tests.TestRegistrationPage.testConfirmPasswordFieldDissimilarWithPasswordField()'><b>testConfirmPasswordFieldDissimilarWithPasswordField</b><br>Test class: tests.TestRegistrationPage</td>
<td></td>
<td>0</td>
<td>tests.TestRegistrationPage@77ed2fe7</td></tr>
<tr>
<td title='tests.TestRegistrationPage.testConfirmPasswordFieldSimilerWithPasswordFieldAndSixChar()'><b>testConfirmPasswordFieldSimilerWithPasswordFieldAndSixChar</b><br>Test class: tests.TestRegistrationPage</td>
<td></td>
<td>0</td>
<td>tests.TestRegistrationPage@77ed2fe7</td></tr>
<tr>
<td title='tests.TestRegistrationPage.testConfirmPasswordWithEmptyField()'><b>testConfirmPasswordWithEmptyField</b><br>Test class: tests.TestRegistrationPage</td>
<td></td>
<td>0</td>
<td>tests.TestRegistrationPage@77ed2fe7</td></tr>
<tr>
<td title='tests.TestRegistrationPage.testDateOfBirthWithEmptyField()'><b>testDateOfBirthWithEmptyField</b><br>Test class: tests.TestRegistrationPage</td>
<td></td>
<td>1</td>
<td>tests.TestRegistrationPage@77ed2fe7</td></tr>
<tr>
<td title='tests.TestRegistrationPage.testDateOfBirthwithValidCradential()'><b>testDateOfBirthwithValidCradential</b><br>Test class: tests.TestRegistrationPage</td>
<td></td>
<td>2</td>
<td>tests.TestRegistrationPage@77ed2fe7</td></tr>
<tr>
<td title='tests.TestRegistrationPage.testEmailFieldWithEmptyField()'><b>testEmailFieldWithEmptyField</b><br>Test class: tests.TestRegistrationPage</td>
<td></td>
<td>4</td>
<td>tests.TestRegistrationPage@77ed2fe7</td></tr>
<tr>
<td title='tests.TestRegistrationPage.testEmailFieldWithInvalidCredential()'><b>testEmailFieldWithInvalidCredential</b><br>Test class: tests.TestRegistrationPage</td>
<td></td>
<td>2</td>
<td>tests.TestRegistrationPage@77ed2fe7</td></tr>
<tr>
<td title='tests.TestRegistrationPage.testEmailFieldWithValidCredential()'><b>testEmailFieldWithValidCredential</b><br>Test class: tests.TestRegistrationPage</td>
<td></td>
<td>1</td>
<td>tests.TestRegistrationPage@77ed2fe7</td></tr>
<tr>
<td title='tests.TestRegistrationPage.testEmailFieldWithValidCredentialSameUsedEmail()'><b>testEmailFieldWithValidCredentialSameUsedEmail</b><br>Test class: tests.TestRegistrationPage</td>
<td></td>
<td>3</td>
<td>tests.TestRegistrationPage@77ed2fe7</td></tr>
<tr>
<td title='tests.TestRegistrationPage.testFirstNameWithEmptyField()'><b>testFirstNameWithEmptyField</b><br>Test class: tests.TestRegistrationPage</td>
<td></td>
<td>1</td>
<td>tests.TestRegistrationPage@77ed2fe7</td></tr>
<tr>
<td title='tests.TestRegistrationPage.testFirstNameWithOneChar()'><b>testFirstNameWithOneChar</b><br>Test class: tests.TestRegistrationPage</td>
<td></td>
<td>3</td>
<td>tests.TestRegistrationPage@77ed2fe7</td></tr>
<tr>
<td title='tests.TestRegistrationPage.testFirstNameWithThirtyChar()'><b>testFirstNameWithThirtyChar</b><br>Test class: tests.TestRegistrationPage</td>
<td></td>
<td>1</td>
<td>tests.TestRegistrationPage@77ed2fe7</td></tr>
<tr>
<td title='tests.TestRegistrationPage.testFirstNameWithThirtyOneChar()'><b>testFirstNameWithThirtyOneChar</b><br>Test class: tests.TestRegistrationPage</td>
<td></td>
<td>0</td>
<td>tests.TestRegistrationPage@77ed2fe7</td></tr>
<tr>
<td title='tests.TestRegistrationPage.testFirstNameWithTwoChar()'><b>testFirstNameWithTwoChar</b><br>Test class: tests.TestRegistrationPage</td>
<td></td>
<td>0</td>
<td>tests.TestRegistrationPage@77ed2fe7</td></tr>
<tr>
<td title='tests.TestRegistrationPage.testGenderWithRandomOption()'><b>testGenderWithRandomOption</b><br>Test class: tests.TestRegistrationPage</td>
<td></td>
<td>3</td>
<td>tests.TestRegistrationPage@77ed2fe7</td></tr>
<tr>
<td title='tests.TestRegistrationPage.testGenderWithoutRandomOption()'><b>testGenderWithoutRandomOption</b><br>Test class: tests.TestRegistrationPage</td>
<td></td>
<td>5</td>
<td>tests.TestRegistrationPage@77ed2fe7</td></tr>
<tr>
<td title='tests.TestJobSearchPage.testJobSearchWithRandomlySelectedJobCategory()'><b>testJobSearchWithRandomlySelectedJobCategory</b><br>Test class: tests.TestJobSearchPage</td>
<td></td>
<td>2</td>
<td>tests.TestJobSearchPage@4717fd27</td></tr>
<tr>
<td title='tests.TestJobSearchPage.testJobSearchWithoutSelectingJobCategory()'><b>testJobSearchWithoutSelectingJobCategory</b><br>Test class: tests.TestJobSearchPage</td>
<td></td>
<td>1</td>
<td>tests.TestJobSearchPage@4717fd27</td></tr>
<tr>
<td title='tests.TestRegistrationPage.testPasswordFieldWithEmpty()'><b>testPasswordFieldWithEmpty</b><br>Test class: tests.TestRegistrationPage</td>
<td></td>
<td>3</td>
<td>tests.TestRegistrationPage@77ed2fe7</td></tr>
<tr>
<td title='tests.TestRegistrationPage.testPasswordFieldWithFive()'><b>testPasswordFieldWithFive</b><br>Test class: tests.TestRegistrationPage</td>
<td></td>
<td>1</td>
<td>tests.TestRegistrationPage@77ed2fe7</td></tr>
<tr>
<td title='tests.TestRegistrationPage.testPasswordFieldWithSixChar()'><b>testPasswordFieldWithSixChar</b><br>Test class: tests.TestRegistrationPage</td>
<td></td>
<td>4</td>
<td>tests.TestRegistrationPage@77ed2fe7</td></tr>
<tr>
<td title='tests.TestRegistrationPage.testPasswordFieldWithTwentyChar()'><b>testPasswordFieldWithTwentyChar</b><br>Test class: tests.TestRegistrationPage</td>
<td></td>
<td>0</td>
<td>tests.TestRegistrationPage@77ed2fe7</td></tr>
<tr>
<td title='tests.TestRegistrationPage.testPasswordFieldWithTwentyONEChar()'><b>testPasswordFieldWithTwentyONEChar</b><br>Test class: tests.TestRegistrationPage</td>
<td></td>
<td>0</td>
<td>tests.TestRegistrationPage@77ed2fe7</td></tr>
<tr>
<td title='tests.TestRegistrationPage.testPasswordFieldWithvalidCredential()'><b>testPasswordFieldWithvalidCredential</b><br>Test class: tests.TestRegistrationPage</td>
<td></td>
<td>0</td>
<td>tests.TestRegistrationPage@77ed2fe7</td></tr>
<tr>
<td title='tests.TestRegistrationPage.testPhoneNoWithThirtyDigit()'><b>testPhoneNoWithThirtyDigit</b><br>Test class: tests.TestRegistrationPage</td>
<td></td>
<td>1</td>
<td>tests.TestRegistrationPage@77ed2fe7</td></tr>
<tr>
<td title='tests.TestRegistrationPage.testPhoneNoWithThirtyOneDigit()'><b>testPhoneNoWithThirtyOneDigit</b><br>Test class: tests.TestRegistrationPage</td>
<td></td>
<td>0</td>
<td>tests.TestRegistrationPage@77ed2fe7</td></tr>
<tr>
<td title='tests.TestRegistrationPage.testPhoneNoWithThreeDigit()'><b>testPhoneNoWithThreeDigit</b><br>Test class: tests.TestRegistrationPage</td>
<td></td>
<td>0</td>
<td>tests.TestRegistrationPage@77ed2fe7</td></tr>
<tr>
<td title='tests.TestRegistrationPage.testPhoneNoWithTwoDigit()'><b>testPhoneNoWithTwoDigit</b><br>Test class: tests.TestRegistrationPage</td>
<td></td>
<td>0</td>
<td>tests.TestRegistrationPage@77ed2fe7</td></tr>
<tr>
<td title='tests.TestRegistrationPage.testPhoneNowithEmptyField()'><b>testPhoneNowithEmptyField</b><br>Test class: tests.TestRegistrationPage</td>
<td></td>
<td>0</td>
<td>tests.TestRegistrationPage@77ed2fe7</td></tr>
<tr>
<td title='tests.TestRegistrationPage.testUserTypeWithRandomOption()'><b>testUserTypeWithRandomOption</b><br>Test class: tests.TestRegistrationPage</td>
<td></td>
<td>7</td>
<td>tests.TestRegistrationPage@77ed2fe7</td></tr>
<tr>
<td title='tests.TestRegistrationPage.testUserTypeWithoutRandomOption()'><b>testUserTypeWithoutRandomOption</b><br>Test class: tests.TestRegistrationPage</td>
<td></td>
<td>1</td>
<td>tests.TestRegistrationPage@77ed2fe7</td></tr>
<tr>
<td title='tests.TestSigninPage.testWithEmptyEmailAndEmptyPassword()'><b>testWithEmptyEmailAndEmptyPassword</b><br>Test class: tests.TestSigninPage</td>
<td></td>
<td>6</td>
<td>tests.TestSigninPage@74e42433</td></tr>
<tr>
<td title='tests.TestSigninPage.testWithEmptyEmailAndValidPassword()'><b>testWithEmptyEmailAndValidPassword</b><br>Test class: tests.TestSigninPage</td>
<td></td>
<td>6</td>
<td>tests.TestSigninPage@74e42433</td></tr>
<tr>
<td title='tests.TestSigninPage.testWithInvalidEmailAndInvalidPassword()'><b>testWithInvalidEmailAndInvalidPassword</b><br>Test class: tests.TestSigninPage</td>
<td></td>
<td>4</td>
<td>tests.TestSigninPage@74e42433</td></tr>
<tr>
<td title='tests.TestSigninPage.testWithInvalidEmailAndValidPassword()'><b>testWithInvalidEmailAndValidPassword</b><br>Test class: tests.TestSigninPage</td>
<td></td>
<td>4</td>
<td>tests.TestSigninPage@74e42433</td></tr>
<tr>
<td title='tests.TestSigninPage.testWithValidCredintial()'><b>testWithValidCredintial</b><br>Test class: tests.TestSigninPage</td>
<td></td>
<td>6</td>
<td>tests.TestSigninPage@74e42433</td></tr>
<tr>
<td title='tests.TestSigninPage.testWithValidEmailAndEmptyPassword()'><b>testWithValidEmailAndEmptyPassword</b><br>Test class: tests.TestSigninPage</td>
<td></td>
<td>5</td>
<td>tests.TestSigninPage@74e42433</td></tr>
<tr>
<td title='tests.TestSigninPage.testWithValidEmailAndInvalidPassword()'><b>testWithValidEmailAndInvalidPassword</b><br>Test class: tests.TestSigninPage</td>
<td></td>
<td>4</td>
<td>tests.TestSigninPage@74e42433</td></tr>
<tr>
<td title='tests.TestRegistrationPage.testlastNameWithEmptyField()'><b>testlastNameWithEmptyField</b><br>Test class: tests.TestRegistrationPage</td>
<td></td>
<td>0</td>
<td>tests.TestRegistrationPage@77ed2fe7</td></tr>
<tr>
<td title='tests.TestRegistrationPage.testlastNameWithOneChar()'><b>testlastNameWithOneChar</b><br>Test class: tests.TestRegistrationPage</td>
<td></td>
<td>2</td>
<td>tests.TestRegistrationPage@77ed2fe7</td></tr>
<tr>
<td title='tests.TestRegistrationPage.testlastNameWithThirtyChar()'><b>testlastNameWithThirtyChar</b><br>Test class: tests.TestRegistrationPage</td>
<td></td>
<td>3</td>
<td>tests.TestRegistrationPage@77ed2fe7</td></tr>
<tr>
<td title='tests.TestRegistrationPage.testlastNameWithThirtyOneChar()'><b>testlastNameWithThirtyOneChar</b><br>Test class: tests.TestRegistrationPage</td>
<td></td>
<td>2</td>
<td>tests.TestRegistrationPage@77ed2fe7</td></tr>
<tr>
<td title='tests.TestRegistrationPage.testlastNameWithTwoChar()'><b>testlastNameWithTwoChar</b><br>Test class: tests.TestRegistrationPage</td>
<td></td>
<td>3</td>
<td>tests.TestRegistrationPage@77ed2fe7</td></tr>
</table><p>
</body>
</html>