<?xml version="1.0" encoding="UTF-8"?>
<!-- Generated by org.testng.reporters.JUnitXMLReporter -->
<testsuite hostname="Mds-MacBook-Pro.local" name="EliteCareer Regression Test" tests="46" failures="3" timestamp="18 Apr 2017 00:32:41 GMT" time="140.118" errors="0">
  <testcase name="testJobSearchWithRandomlySelectedJobCategory" time="2.834" classname="tests.TestJobSearchPage"/>
  <testcase name="testJobSearchWithoutSelectingJobCategory" time="1.617" classname="tests.TestJobSearchPage"/>
  <testcase name="testConfirmPasswordFieldDissimilarWithPasswordField" time="0.845" classname="tests.TestRegistrationPage"/>
  <testcase name="testConfirmPasswordFieldSimilerWithPasswordFieldAndSixChar" time="0.809" classname="tests.TestRegistrationPage"/>
  <testcase name="testConfirmPasswordWithEmptyField" time="0.941" classname="tests.TestRegistrationPage"/>
  <testcase name="testDateOfBirthWithEmptyField" time="1.465" classname="tests.TestRegistrationPage"/>
  <testcase name="testDateOfBirthwithInValidCredential" time="0.833" classname="tests.TestRegistrationPage">
    <failure type="java.lang.AssertionError" message="expected [* Invalid DateOfBirth] but found [*]">
      <![CDATA[java.lang.AssertionError: expected [* Invalid DateOfBirth] but found [*]
	at org.testng.Assert.fail(Assert.java:94)
	at org.testng.Assert.failNotEquals(Assert.java:513)
	at org.testng.Assert.assertEqualsImpl(Assert.java:135)
	at org.testng.Assert.assertEquals(Assert.java:116)
	at org.testng.Assert.assertEquals(Assert.java:190)
	at org.testng.Assert.assertEquals(Assert.java:200)
	at tests.TestRegistrationPage.testDateOfBirthwithInValidCredential(TestRegistrationPage.java:152)
	at sun.reflect.NativeMethodAccessorImpl.invoke0(Native Method)
	at sun.reflect.NativeMethodAccessorImpl.invoke(NativeMethodAccessorImpl.java:57)
	at sun.reflect.DelegatingMethodAccessorImpl.invoke(DelegatingMethodAccessorImpl.java:43)
	at java.lang.reflect.Method.invoke(Method.java:606)
	at org.testng.internal.MethodInvocationHelper.invokeMethod(MethodInvocationHelper.java:86)
	at org.testng.internal.Invoker.invokeMethod(Invoker.java:643)
	at org.testng.internal.Invoker.invokeTestMethod(Invoker.java:820)
	at org.testng.internal.Invoker.invokeTestMethods(Invoker.java:1128)
	at org.testng.internal.TestMethodWorker.invokeTestMethods(TestMethodWorker.java:129)
	at org.testng.internal.TestMethodWorker.run(TestMethodWorker.java:112)
	at org.testng.TestRunner.privateRun(TestRunner.java:782)
	at org.testng.TestRunner.run(TestRunner.java:632)
	at org.testng.SuiteRunner.runTest(SuiteRunner.java:366)
	at org.testng.SuiteRunner.runSequentially(SuiteRunner.java:361)
	at org.testng.SuiteRunner.privateRun(SuiteRunner.java:319)
	at org.testng.SuiteRunner.run(SuiteRunner.java:268)
	at org.testng.SuiteRunnerWorker.runSuite(SuiteRunnerWorker.java:52)
	at org.testng.SuiteRunnerWorker.run(SuiteRunnerWorker.java:86)
	at org.testng.TestNG.runSuitesSequentially(TestNG.java:1244)
	at org.testng.TestNG.runSuitesLocally(TestNG.java:1169)
	at org.testng.TestNG.run(TestNG.java:1064)
	at org.testng.remote.AbstractRemoteTestNG.run(AbstractRemoteTestNG.java:126)
	at org.testng.remote.RemoteTestNG.initAndRun(RemoteTestNG.java:137)
	at org.testng.remote.RemoteTestNG.main(RemoteTestNG.java:58)
]]>
    </failure>
  </testcase> <!-- testDateOfBirthwithInValidCredential -->
  <testcase name="testDateOfBirthwithValidCradential" time="2.935" classname="tests.TestRegistrationPage"/>
  <testcase name="testEmailFieldWithEmptyField" time="4.029" classname="tests.TestRegistrationPage"/>
  <testcase name="testEmailFieldWithInvalidCredential" time="2.515" classname="tests.TestRegistrationPage"/>
  <testcase name="testEmailFieldWithValidCredential" time="1.942" classname="tests.TestRegistrationPage"/>
  <testcase name="testEmailFieldWithValidCredentialSameUsedEmail" time="3.142" classname="tests.TestRegistrationPage"/>
  <testcase name="testFirstNameWithEmptyField" time="1.679" classname="tests.TestRegistrationPage"/>
  <testcase name="testFirstNameWithNumericData" time="1.152" classname="tests.TestRegistrationPage">
    <failure type="java.lang.AssertionError" message="expected [* FirstName can not be Numeric] but found [*]">
      <![CDATA[java.lang.AssertionError: expected [* FirstName can not be Numeric] but found [*]
	at org.testng.Assert.fail(Assert.java:94)
	at org.testng.Assert.failNotEquals(Assert.java:513)
	at org.testng.Assert.assertEqualsImpl(Assert.java:135)
	at org.testng.Assert.assertEquals(Assert.java:116)
	at org.testng.Assert.assertEquals(Assert.java:190)
	at org.testng.Assert.assertEquals(Assert.java:200)
	at tests.TestRegistrationPage.testFirstNameWithNumericData(TestRegistrationPage.java:67)
	at sun.reflect.NativeMethodAccessorImpl.invoke0(Native Method)
	at sun.reflect.NativeMethodAccessorImpl.invoke(NativeMethodAccessorImpl.java:57)
	at sun.reflect.DelegatingMethodAccessorImpl.invoke(DelegatingMethodAccessorImpl.java:43)
	at java.lang.reflect.Method.invoke(Method.java:606)
	at org.testng.internal.MethodInvocationHelper.invokeMethod(MethodInvocationHelper.java:86)
	at org.testng.internal.Invoker.invokeMethod(Invoker.java:643)
	at org.testng.internal.Invoker.invokeTestMethod(Invoker.java:820)
	at org.testng.internal.Invoker.invokeTestMethods(Invoker.java:1128)
	at org.testng.internal.TestMethodWorker.invokeTestMethods(TestMethodWorker.java:129)
	at org.testng.internal.TestMethodWorker.run(TestMethodWorker.java:112)
	at org.testng.TestRunner.privateRun(TestRunner.java:782)
	at org.testng.TestRunner.run(TestRunner.java:632)
	at org.testng.SuiteRunner.runTest(SuiteRunner.java:366)
	at org.testng.SuiteRunner.runSequentially(SuiteRunner.java:361)
	at org.testng.SuiteRunner.privateRun(SuiteRunner.java:319)
	at org.testng.SuiteRunner.run(SuiteRunner.java:268)
	at org.testng.SuiteRunnerWorker.runSuite(SuiteRunnerWorker.java:52)
	at org.testng.SuiteRunnerWorker.run(SuiteRunnerWorker.java:86)
	at org.testng.TestNG.runSuitesSequentially(TestNG.java:1244)
	at org.testng.TestNG.runSuitesLocally(TestNG.java:1169)
	at org.testng.TestNG.run(TestNG.java:1064)
	at org.testng.remote.AbstractRemoteTestNG.run(AbstractRemoteTestNG.java:126)
	at org.testng.remote.RemoteTestNG.initAndRun(RemoteTestNG.java:137)
	at org.testng.remote.RemoteTestNG.main(RemoteTestNG.java:58)
]]>
    </failure>
  </testcase> <!-- testFirstNameWithNumericData -->
  <testcase name="testFirstNameWithOneChar" time="3.152" classname="tests.TestRegistrationPage"/>
  <testcase name="testFirstNameWithThirtyChar" time="1.509" classname="tests.TestRegistrationPage"/>
  <testcase name="testFirstNameWithThirtyOneChar" time="0.941" classname="tests.TestRegistrationPage"/>
  <testcase name="testFirstNameWithTwoChar" time="0.732" classname="tests.TestRegistrationPage"/>
  <testcase name="testGenderWithRandomOption" time="3.012" classname="tests.TestRegistrationPage"/>
  <testcase name="testGenderWithoutRandomOption" time="5.853" classname="tests.TestRegistrationPage"/>
  <testcase name="testPasswordFieldWithEmpty" time="3.306" classname="tests.TestRegistrationPage"/>
  <testcase name="testPasswordFieldWithFive" time="1.469" classname="tests.TestRegistrationPage"/>
  <testcase name="testPasswordFieldWithSixChar" time="4.141" classname="tests.TestRegistrationPage"/>
  <testcase name="testPasswordFieldWithTwentyChar" time="0.972" classname="tests.TestRegistrationPage"/>
  <testcase name="testPasswordFieldWithTwentyONEChar" time="0.797" classname="tests.TestRegistrationPage"/>
  <testcase name="testPasswordFieldWithvalidCredential" time="0.806" classname="tests.TestRegistrationPage"/>
  <testcase name="testPhoneNoWithThirtyDigit" time="1.125" classname="tests.TestRegistrationPage"/>
  <testcase name="testPhoneNoWithThirtyOneDigit" time="0.765" classname="tests.TestRegistrationPage"/>
  <testcase name="testPhoneNoWithThreeDigit" time="0.679" classname="tests.TestRegistrationPage"/>
  <testcase name="testPhoneNoWithTwoDigit" time="0.738" classname="tests.TestRegistrationPage"/>
  <testcase name="testPhoneNowithEmptyField" time="0.681" classname="tests.TestRegistrationPage"/>
  <testcase name="testUserTypeWithRandomOption" time="7.17" classname="tests.TestRegistrationPage"/>
  <testcase name="testUserTypeWithoutRandomOption" time="1.732" classname="tests.TestRegistrationPage"/>
  <testcase name="testlastNameWithEmptyField" time="0.761" classname="tests.TestRegistrationPage"/>
  <testcase name="testlastNameWithNumericData" time="0.741" classname="tests.TestRegistrationPage">
    <failure type="java.lang.AssertionError" message="expected [* LastName can not be Numeric] but found [*]">
      <![CDATA[java.lang.AssertionError: expected [* LastName can not be Numeric] but found [*]
	at org.testng.Assert.fail(Assert.java:94)
	at org.testng.Assert.failNotEquals(Assert.java:513)
	at org.testng.Assert.assertEqualsImpl(Assert.java:135)
	at org.testng.Assert.assertEquals(Assert.java:116)
	at org.testng.Assert.assertEquals(Assert.java:190)
	at org.testng.Assert.assertEquals(Assert.java:200)
	at tests.TestRegistrationPage.testlastNameWithNumericData(TestRegistrationPage.java:116)
	at sun.reflect.NativeMethodAccessorImpl.invoke0(Native Method)
	at sun.reflect.NativeMethodAccessorImpl.invoke(NativeMethodAccessorImpl.java:57)
	at sun.reflect.DelegatingMethodAccessorImpl.invoke(DelegatingMethodAccessorImpl.java:43)
	at java.lang.reflect.Method.invoke(Method.java:606)
	at org.testng.internal.MethodInvocationHelper.invokeMethod(MethodInvocationHelper.java:86)
	at org.testng.internal.Invoker.invokeMethod(Invoker.java:643)
	at org.testng.internal.Invoker.invokeTestMethod(Invoker.java:820)
	at org.testng.internal.Invoker.invokeTestMethods(Invoker.java:1128)
	at org.testng.internal.TestMethodWorker.invokeTestMethods(TestMethodWorker.java:129)
	at org.testng.internal.TestMethodWorker.run(TestMethodWorker.java:112)
	at org.testng.TestRunner.privateRun(TestRunner.java:782)
	at org.testng.TestRunner.run(TestRunner.java:632)
	at org.testng.SuiteRunner.runTest(SuiteRunner.java:366)
	at org.testng.SuiteRunner.runSequentially(SuiteRunner.java:361)
	at org.testng.SuiteRunner.privateRun(SuiteRunner.java:319)
	at org.testng.SuiteRunner.run(SuiteRunner.java:268)
	at org.testng.SuiteRunnerWorker.runSuite(SuiteRunnerWorker.java:52)
	at org.testng.SuiteRunnerWorker.run(SuiteRunnerWorker.java:86)
	at org.testng.TestNG.runSuitesSequentially(TestNG.java:1244)
	at org.testng.TestNG.runSuitesLocally(TestNG.java:1169)
	at org.testng.TestNG.run(TestNG.java:1064)
	at org.testng.remote.AbstractRemoteTestNG.run(AbstractRemoteTestNG.java:126)
	at org.testng.remote.RemoteTestNG.initAndRun(RemoteTestNG.java:137)
	at org.testng.remote.RemoteTestNG.main(RemoteTestNG.java:58)
]]>
    </failure>
  </testcase> <!-- testlastNameWithNumericData -->
  <testcase name="testlastNameWithOneChar" time="2.553" classname="tests.TestRegistrationPage"/>
  <testcase name="testlastNameWithThirtyChar" time="3.288" classname="tests.TestRegistrationPage"/>
  <testcase name="testlastNameWithThirtyOneChar" time="2.608" classname="tests.TestRegistrationPage"/>
  <testcase name="testlastNameWithTwoChar" time="3.132" classname="tests.TestRegistrationPage"/>
  <testcase name="testWithEmptyEmailAndEmptyPassword" time="6.873" classname="tests.TestSigninPage"/>
  <testcase name="testWithEmptyEmailAndValidPassword" time="6.817" classname="tests.TestSigninPage"/>
  <testcase name="testWithInvalidEmailAndInvalidPassword" time="4.641" classname="tests.TestSigninPage"/>
  <testcase name="testWithInvalidEmailAndValidPassword" time="4.095" classname="tests.TestSigninPage"/>
  <testcase name="testWithValidCredintial" time="6.217" classname="tests.TestSigninPage"/>
  <testcase name="testWithValidEmailAndEmptyPassword" time="5.959" classname="tests.TestSigninPage"/>
  <testcase name="testWithValidEmailAndInvalidPassword" time="4.234" classname="tests.TestSigninPage"/>
</testsuite> <!-- EliteCareer Regression Test -->
